<?xml version="1.0" encoding="UTF-8"?>
<testsuite xmlns:xsi="http://www.w3.org/2001/XMLSchema-instance" xsi:noNamespaceSchemaLocation="https://maven.apache.org/surefire/maven-surefire-plugin/xsd/surefire-test-report-3.0.xsd" version="3.0" name="com.vnec.service.AuthValidatorTest" time="0.014" tests="3" errors="0" skipped="0" failures="0">
  <properties>
[...]
</properties>
  <testcase name="validateRegistration_shouldAcceptValidInput" classname="com.vnec.service.AuthValidatorTest" time="0.002"/>
  <testcase name="validateRegistration_shouldRejectMissingFields" classname="com.vnec.service.AuthValidatorTest" time="0.002"/>
  <testcase name="validateLogin_shouldRejectMissingCredentials" classname="com.vnec.service.AuthValidatorTest" time="0.003"/>
</testsuite>